0 info it worked if it ends with ok
1 verbose cli [ '/usr/local/bin/node',
1 verbose cli   '/usr/local/lib/node_modules/cnpm/node_modules/.bin/npm',
1 verbose cli   '--userconfig=/Users/mengyue/.cnpmrc',
1 verbose cli   '--disturl=https://npm.taobao.org/mirrors/node',
1 verbose cli   '--registry=https://registry.npm.taobao.org',
1 verbose cli   'link' ]
2 info using npm@3.10.10
3 info using node@v9.11.1
4 verbose linkPkg /Users/mengyue/study/dragen/dragen-dir
5 silly gentlyRm /usr/local/lib/node_modules/dragen-dir is being purged
6 verbose gentlyRm don't care about contents; nuking /usr/local/lib/node_modules/dragen-dir
7 silly vacuum-fs purging /usr/local/lib/node_modules/dragen-dir
8 silly vacuum-fs quitting because other entries in /usr/local/lib/node_modules
9 verbose link build target /usr/local/lib/node_modules/dragen-dir
10 silly loadCurrentTree Starting
11 silly install loadCurrentTree
12 silly install readLocalPackageData
13 silly install normalizeTree
14 silly loadCurrentTree Finishing
15 silly loadIdealTree Starting
16 silly install loadIdealTree
17 silly cloneCurrentTree Starting
18 silly install cloneCurrentTreeToIdealTree
19 silly cloneCurrentTree Finishing
20 silly loadShrinkwrap Starting
21 silly install loadShrinkwrap
22 silly loadShrinkwrap Finishing
23 silly loadAllDepsIntoIdealTree Starting
24 silly install loadAllDepsIntoIdealTree
25 silly loadAllDepsIntoIdealTree Finishing
26 silly loadIdealTree Finishing
27 silly currentTree dragen-dir@1.0.0
28 silly idealTree dragen-dir@1.0.0
29 silly generateActionsToTake Starting
30 silly install generateActionsToTake
31 silly generateActionsToTake Finishing
32 silly diffTrees action count 0
33 silly decomposeActions action count 0
34 silly runTopLevelLifecycles Starting
35 silly install runPreinstallTopLevelLifecycles
36 silly preinstall dragen-dir@1.0.0 /Users/mengyue/study/dragen/dragen-dir/dragen-dir-da8956bb
37 info lifecycle dragen-dir@1.0.0~preinstall: dragen-dir@1.0.0
38 silly lifecycle dragen-dir@1.0.0~preinstall: no script for preinstall, continuing
39 silly executeActions Starting
40 silly install executeActions
41 silly doSerial global-install 0
42 silly doParallel fetch 0
43 verbose correctMkdir /Users/mengyue/.npm/_locks correctMkdir not in flight; initializing
44 verbose lock using /Users/mengyue/.npm/_locks/staging-30c47e2ccbbe95f1.lock for /Users/mengyue/study/dragen/dragen-dir/node_modules/.staging
45 silly doParallel extract 0
46 silly doParallel preinstall 0
47 silly doReverseSerial remove 0
48 silly doSerial move 0
49 silly doSerial finalize 0
50 silly doSerial build 0
51 silly doSerial global-link 0
52 silly doParallel update-linked 0
53 silly doSerial install 0
54 silly doSerial postinstall 0
55 verbose unlock done using /Users/mengyue/.npm/_locks/staging-30c47e2ccbbe95f1.lock for /Users/mengyue/study/dragen/dragen-dir/node_modules/.staging
56 silly executeActions Finishing
57 silly rollbackFailedOptional Starting
58 silly rollbackFailedOptional Finishing
59 silly install runPostinstallTopLevelLifecycles
60 silly build dragen-dir@1.0.0
61 info linkStuff dragen-dir@1.0.0
62 silly linkStuff dragen-dir@1.0.0 has /Users/mengyue/study/dragen as its parent node_modules
63 verbose linkBins dragen-dir@1.0.0
64 verbose linkMans dragen-dir@1.0.0
65 silly install dragen-dir@1.0.0 /Users/mengyue/study/dragen/dragen-dir/dragen-dir-da8956bb
66 info lifecycle dragen-dir@1.0.0~install: dragen-dir@1.0.0
67 silly lifecycle dragen-dir@1.0.0~install: no script for install, continuing
68 silly postinstall dragen-dir@1.0.0 /Users/mengyue/study/dragen/dragen-dir/dragen-dir-da8956bb
69 info lifecycle dragen-dir@1.0.0~postinstall: dragen-dir@1.0.0
70 silly lifecycle dragen-dir@1.0.0~postinstall: no script for postinstall, continuing
71 silly prepublish dragen-dir@1.0.0 /Users/mengyue/study/dragen/dragen-dir/dragen-dir-da8956bb
72 info lifecycle dragen-dir@1.0.0~prepublish: dragen-dir@1.0.0
73 silly lifecycle dragen-dir@1.0.0~prepublish: no script for prepublish, continuing
74 silly runTopLevelLifecycles Finishing
75 silly install printInstalled
76 info build /usr/local/lib/node_modules/dragen-dir
77 info linkStuff dragen-dir@1.0.0
78 silly linkStuff dragen-dir@1.0.0 has /usr/local/lib/node_modules as its parent node_modules
79 silly linkStuff dragen-dir@1.0.0 is part of a global install
80 silly linkStuff dragen-dir@1.0.0 is installed into a global node_modules
81 silly linkStuff dragen-dir@1.0.0 is installed into the top-level global node_modules
82 verbose linkBins dragen-dir@1.0.0
83 verbose link bins [ { 'dragen-dir': './crateDir.js' }, '/usr/local/bin', true ]
84 verbose linkMans dragen-dir@1.0.0
85 verbose stack Error: ENOENT: no such file or directory, chmod '/usr/local/lib/node_modules/dragen-dir/crateDir.js'
86 verbose cwd /Users/mengyue/study/dragen/dragen-dir
87 error Darwin 17.7.0
88 error argv "/usr/local/bin/node" "/usr/local/lib/node_modules/cnpm/node_modules/.bin/npm" "--userconfig=/Users/mengyue/.cnpmrc" "--disturl=https://npm.taobao.org/mirrors/node" "--registry=https://registry.npm.taobao.org" "link"
89 error node v9.11.1
90 error npm  v3.10.10
91 error path /usr/local/lib/node_modules/dragen-dir/crateDir.js
92 error code ENOENT
93 error errno -2
94 error syscall chmod
95 error enoent ENOENT: no such file or directory, chmod '/usr/local/lib/node_modules/dragen-dir/crateDir.js'
96 error enoent ENOENT: no such file or directory, chmod '/usr/local/lib/node_modules/dragen-dir/crateDir.js'
96 error enoent This is most likely not a problem with npm itself
96 error enoent and is related to npm not being able to find a file.
97 verbose exit [ -2, true ]
