Arguments: 
  /usr/local/bin/node /Users/mengyue/.yarn/bin/yarn.js add --save-dev colorful

PATH: 
  /Users/mengyue/.yarn/bin:/Users/mengyue/.config/yarn/global/node_modules/.bin:/Users/mengyue/bin:/usr/local/bin:/bin:/usr/bin:/bin:/usr/sbin:/sbin:/Library/Frameworks/Python.framework/Versions/2.7/bin:/usr/local/bin:/usr/bin:/bin:/usr/sbin:/sbin:/Users/mengyue/Downloads/android-sdk-macosx/platform-tools:work/static/iwjw-base/node_modules/phantomjs-prebuilt/bin/phantomjs:/Applications/Google Chrome.app/Contents/MacOS/Google Chrome

Yarn version: 
  1.5.1

Node version: 
  9.11.1

Platform: 
  darwin x64

npm manifest: 
  {
    "name": "task-tools",
    "version": "1.0.0",
    "description": "compile tool",
    "keywords": [
      "node",
      "typescript"
    ],
    "homepage": "https://github.com/node-cli/dragen-tool",
    "bugs": {
      "url": "https://github.com/node-cli/dragen-tool/issues",
      "email": "mengyue8866@163.com"
    },
    "scripts": {
      "lint": "eslint lib",
      "postinstall": "node lib/init.js",
      "pub": "git push origin && npm publish"
    },
    "bin": {
      "task-tools": "./bin/task-tools.js",
      "task-tools-run": "./bin/task-tools-run.js"
    },
    "author": "js-mengyue",
    "license": "ISC",
    "devDependencies": {
      "chalk": "^2.4.1",
      "gulp": "^3.9.1",
      "gulp-babel": "^7.0.1",
      "gulp-typescript": "^5.0.0-alpha.3",
      "gulp-watch": "^5.0.1",
      "merge": "^1.2.0",
      "merge2": "^1.2.2",
      "minimist": "^1.2.0",
      "rimraf": "^2.6.2",
      "through2": "^2.0.3",
      "webpack": "^4.16.4"
    }
  }

yarn manifest: 
  No manifest

Lockfile: 
  No lockfile

Trace: 
  Error: Missing list of packages to add to your project.
      at new MessageError (/Users/mengyue/.yarn/lib/cli.js:186:110)
      at Object.<anonymous> (/Users/mengyue/.yarn/lib/cli.js:40587:13)
      at Generator.next (<anonymous>)
      at step (/Users/mengyue/.yarn/lib/cli.js:98:30)
      at /Users/mengyue/.yarn/lib/cli.js:116:14
      at new Promise (<anonymous>)
      at new F (/Users/mengyue/.yarn/lib/cli.js:23451:28)
      at Object.<anonymous> (/Users/mengyue/.yarn/lib/cli.js:95:12)
      at Object.run (/Users/mengyue/.yarn/lib/cli.js:40599:19)
      at run (/Users/mengyue/.yarn/lib/cli.js:89113:20)
